[22/Oct/2020 18:44:17] "GET /Report/loginfor/ HTTP/1.1" 200 8034
[22/Oct/2020 18:44:19] "GET /Report/sub/ HTTP/1.1" 200 7876
[22/Oct/2020 18:44:20] "GET /Report/new/ HTTP/1.1" 200 8693
[22/Oct/2020 18:44:24] "GET /Report/loginfor/ HTTP/1.1" 200 8034
[22/Oct/2020 18:44:25] "GET /Report/sub/ HTTP/1.1" 200 7876
[22/Oct/2020 18:44:37] "GET /Report/new/ HTTP/1.1" 200 8693
[22/Oct/2020 18:44:41] "GET /logout/ HTTP/1.1" 302 0
[22/Oct/2020 18:44:41] "GET /index/ HTTP/1.1" 200 5392
[22/Oct/2020 18:44:43] "GET /login/ HTTP/1.1" 200 6829
[22/Oct/2020 18:44:44] "GET /captchaimage/933ffbdb2fb8151d181e477816e8588b1b5b7c2c/ HTTP/1.1" 200 4974
[22/Oct/2020 18:44:51] "POST /login/ HTTP/1.1" 302 0
[22/Oct/2020 18:44:51] "GET /index/ HTTP/1.1" 200 5690
[22/Oct/2020 18:44:52] "GET /Report/sub/ HTTP/1.1" 200 7876
[22/Oct/2020 18:44:58] "GET /logout/ HTTP/1.1" 302 0
[22/Oct/2020 18:44:58] "GET /logout/ HTTP/1.1" 302 0
[22/Oct/2020 18:44:59] "GET /index/ HTTP/1.1" 200 5392
[22/Oct/2020 18:44:59] "GET /index/ HTTP/1.1" 200 5392
[22/Oct/2020 18:45:00] "GET /login/ HTTP/1.1" 200 6829
[22/Oct/2020 18:45:00] "GET /captchaimage/7befa050cd197e6a8650a751715241145a710a6a/ HTTP/1.1" 200 4053
[22/Oct/2020 18:45:07] "POST /login/ HTTP/1.1" 302 0
[22/Oct/2020 18:45:07] "GET /index/ HTTP/1.1" 200 5686
[22/Oct/2020 18:45:08] "GET /Report/sub/ HTTP/1.1" 200 8408
[22/Oct/2020 18:45:36] "GET /Report/subdetail/5 HTTP/1.1" 200 8026
[22/Oct/2020 18:46:27] "GET /Report/new/ HTTP/1.1" 200 8568
[22/Oct/2020 18:46:28] "GET /Report/loginfor/ HTTP/1.1" 200 7668
[22/Oct/2020 18:46:29] "GET /Report/sub/ HTTP/1.1" 200 8408
[22/Oct/2020 18:46:30] "GET /Report/loginfor/ HTTP/1.1" 200 7668
